# JRE version: Java(TM) SE Runtime Environment (21.0.8+12) (build 21.0.8+12-LTS-250)
# Java VM: Java HotSpot(TM) 64-Bit Server VM (21.0.8+12-LTS-250, mixed mode, sharing, tiered, compressed oops, compressed class ptrs, g1 gc, windows-amd64)
GC Precious Log:
 CardTable entry size: 512
 Card Set container configuration: InlinePtr #cards 5 size 8 Array Of Cards #cards 12 size 40 Howl #buckets 4 coarsen threshold 1843 Howl Bitmap #cards 512 size 80 coarsen threshold 460 Card regions per heap region 1 cards per card region 2048
 CPUs: 16 total, 16 available
 Memory: 8061M
 Large Page Support: Disabled
 NUMA Support: Disabled
 Compressed Oops: Enabled (32-bit)
 Heap Region Size: 1M
 Heap Min Capacity: 8M
 Heap Initial Capacity: 126M
 Heap Max Capacity: 2016M
 Pre-touch: Disabled
 Parallel Workers: 13
 Concurrent Workers: 3
 Concurrent Refinement Workers: 13
 Periodic GC: Disabled
Heap:
 garbage-first heap   total 174080K, used 85549K [0x0000000082000000, 0x0000000100000000)
  region size 1024K, 44 young (45056K), 6 survivors (6144K)
 Metaspace       used 87061K, committed 87808K, reserved 1179648K
  class space    used 11350K, committed 11712K, reserved 1048576K
GC Heap History (20 events):
Event: 321.791 GC heap before
{Heap before GC invocations=34 (full 0):
 garbage-first heap   total 204800K, used 172821K [0x0000000082000000, 0x0000000100000000)
  region size 1024K, 120 young (122880K), 8 survivors (8192K)
 Metaspace       used 87005K, committed 87808K, reserved 1179648K
  class space    used 11346K, committed 11712K, reserved 1048576K
}
Event: 321.797 GC heap after
{Heap after GC invocations=35 (full 0):
 garbage-first heap   total 204800K, used 58482K [0x0000000082000000, 0x0000000100000000)
  region size 1024K, 8 young (8192K), 8 survivors (8192K)
 Metaspace       used 87005K, committed 87808K, reserved 1179648K
  class space    used 11346K, committed 11712K, reserved 1048576K
}
Event: 326.858 GC heap before
{Heap before GC invocations=35 (full 0):
 garbage-first heap   total 204800K, used 172146K [0x0000000082000000, 0x0000000100000000)
  region size 1024K, 120 young (122880K), 8 survivors (8192K)
 Metaspace       used 87011K, committed 87808K, reserved 1179648K
  class space    used 11346K, committed 11712K, reserved 1048576K
}
Event: 326.868 GC heap after
{Heap after GC invocations=36 (full 0):
 garbage-first heap   total 204800K, used 51548K [0x0000000082000000, 0x0000000100000000)
  region size 1024K, 8 young (8192K), 8 survivors (8192K)
 Metaspace       used 87011K, committed 87808K, reserved 1179648K
  class space    used 11346K, committed 11712K, reserved 1048576K
}
Event: 332.404 GC heap before
{Heap before GC invocations=36 (full 0):
 garbage-first heap   total 204800K, used 165212K [0x0000000082000000, 0x0000000100000000)
  region size 1024K, 120 young (122880K), 8 survivors (8192K)
 Metaspace       used 87013K, committed 87808K, reserved 1179648K
  class space    used 11347K, committed 11712K, reserved 1048576K
}
Event: 332.410 GC heap after
{Heap after GC invocations=37 (full 0):
 garbage-first heap   total 204800K, used 51677K [0x0000000082000000, 0x0000000100000000)
  region size 1024K, 8 young (8192K), 8 survivors (8192K)
 Metaspace       used 87013K, committed 87808K, reserved 1179648K
  class space    used 11347K, committed 11712K, reserved 1048576K
}
Event: 336.544 GC heap before
{Heap before GC invocations=38 (full 0):
 garbage-first heap   total 178176K, used 148957K [0x0000000082000000, 0x0000000100000000)
  region size 1024K, 104 young (106496K), 8 survivors (8192K)
 Metaspace       used 87013K, committed 87808K, reserved 1179648K
  class space    used 11347K, committed 11712K, reserved 1048576K
}
Event: 336.550 GC heap after
{Heap after GC invocations=39 (full 0):
 garbage-first heap   total 178176K, used 51500K [0x0000000082000000, 0x0000000100000000)
  region size 1024K, 6 young (6144K), 6 survivors (6144K)
 Metaspace       used 87013K, committed 87808K, reserved 1179648K
  class space    used 11347K, committed 11712K, reserved 1048576K
}
Event: 340.518 GC heap before
{Heap before GC invocations=39 (full 0):
 garbage-first heap   total 178176K, used 150828K [0x0000000082000000, 0x0000000100000000)
  region size 1024K, 104 young (106496K), 6 survivors (6144K)
 Metaspace       used 87013K, committed 87808K, reserved 1179648K
  class space    used 11347K, committed 11712K, reserved 1048576K
}
Event: 340.523 GC heap after
{Heap after GC invocations=40 (full 0):
 garbage-first heap   total 178176K, used 50138K [0x0000000082000000, 0x0000000100000000)
  region size 1024K, 5 young (5120K), 5 survivors (5120K)
 Metaspace       used 87013K, committed 87808K, reserved 1179648K
  class space    used 11347K, committed 11712K, reserved 1048576K
}
Event: 603.672 GC heap before
{Heap before GC invocations=40 (full 0):
 garbage-first heap   total 178176K, used 150490K [0x0000000082000000, 0x0000000100000000)
  region size 1024K, 104 young (106496K), 5 survivors (5120K)
 Metaspace       used 87046K, committed 87808K, reserved 1179648K
  class space    used 11348K, committed 11712K, reserved 1048576K
}
Event: 603.702 GC heap after
{Heap after GC invocations=41 (full 0):
 garbage-first heap   total 178176K, used 50255K [0x0000000082000000, 0x0000000100000000)
  region size 1024K, 6 young (6144K), 6 survivors (6144K)
 Metaspace       used 87046K, committed 87808K, reserved 1179648K
  class space    used 11348K, committed 11712K, reserved 1048576K
}
Event: 605.939 GC heap before
{Heap before GC invocations=42 (full 0):
 garbage-first heap   total 174080K, used 147535K [0x0000000082000000, 0x0000000100000000)
  region size 1024K, 102 young (104448K), 6 survivors (6144K)
 Metaspace       used 87047K, committed 87808K, reserved 1179648K
  class space    used 11348K, committed 11712K, reserved 1048576K
}
Event: 605.947 GC heap after
{Heap after GC invocations=43 (full 0):
 garbage-first heap   total 174080K, used 50138K [0x0000000082000000, 0x0000000100000000)
  region size 1024K, 5 young (5120K), 5 survivors (5120K)
 Metaspace       used 87047K, committed 87808K, reserved 1179648K
  class space    used 11348K, committed 11712K, reserved 1048576K
}
Event: 607.942 GC heap before
{Heap before GC invocations=43 (full 0):
 garbage-first heap   total 174080K, used 148442K [0x0000000082000000, 0x0000000100000000)
  region size 1024K, 102 young (104448K), 5 survivors (5120K)
 Metaspace       used 87053K, committed 87808K, reserved 1179648K
  class space    used 11349K, committed 11712K, reserved 1048576K
}
Event: 607.959 GC heap after
{Heap after GC invocations=44 (full 0):
 garbage-first heap   total 174080K, used 48465K [0x0000000082000000, 0x0000000100000000)
  region size 1024K, 5 young (5120K), 5 survivors (5120K)
 Metaspace       used 87053K, committed 87808K, reserved 1179648K
  class space    used 11349K, committed 11712K, reserved 1048576K
}
Event: 610.818 GC heap before
{Heap before GC invocations=44 (full 0):
 garbage-first heap   total 174080K, used 146769K [0x0000000082000000, 0x0000000100000000)
  region size 1024K, 102 young (104448K), 5 survivors (5120K)
 Metaspace       used 87053K, committed 87808K, reserved 1179648K
  class space    used 11349K, committed 11712K, reserved 1048576K
}
Event: 610.823 GC heap after
{Heap after GC invocations=45 (full 0):
 garbage-first heap   total 174080K, used 48915K [0x0000000082000000, 0x0000000100000000)
  region size 1024K, 6 young (6144K), 6 survivors (6144K)
 Metaspace       used 87053K, committed 87808K, reserved 1179648K
  class space    used 11349K, committed 11712K, reserved 1048576K
}
Event: 611.954 GC heap before
{Heap before GC invocations=46 (full 0):
 garbage-first heap   total 174080K, used 146195K [0x0000000082000000, 0x0000000100000000)
  region size 1024K, 102 young (104448K), 6 survivors (6144K)
 Metaspace       used 87053K, committed 87808K, reserved 1179648K
  class space    used 11349K, committed 11712K, reserved 1048576K
}
Event: 611.958 GC heap after
{Heap after GC invocations=47 (full 0):
 garbage-first heap   total 174080K, used 48685K [0x0000000082000000, 0x0000000100000000)
  region size 1024K, 6 young (6144K), 6 survivors (6144K)
 Metaspace       used 87053K, committed 87808K, reserved 1179648K
  class space    used 11349K, committed 11712K, reserved 1048576K
}

